Arguments: 
  /usr/local/bin/node /usr/local/bin/yarn cache clen

PATH: 
  /usr/local/bin:/usr/bin:/bin:/usr/sbin:/sbin:/usr/local/share/dotnet:/Library/Frameworks/Mono.framework/Versions/Current/Commands:/opt/ImageMagick/bin

Yarn version: 
  1.5.1

Node version: 
  6.0.0

Platform: 
  darwin x64

npm manifest: 
  {
    "name": "embed-node",
    "version": "1.0.0",
    "description": "",
    "main": "index.js",
    "scripts": {
      "start": "node index.js",
      "test": "echo \"Error: no test specified\" && exit 1"
    },
    "author": "",
    "license": "ISC",
    "dependencies": {
      "node": "^8.10.0"
    }
  }

yarn manifest: 
  No manifest

Lockfile: 
  # THIS IS AN AUTOGENERATED FILE. DO NOT EDIT THIS FILE DIRECTLY.
  # yarn lockfile v1
  
  
  node-bin-setup@^1.0.0:
    version "1.0.6"
    resolved "https://registry.yarnpkg.com/node-bin-setup/-/node-bin-setup-1.0.6.tgz#4b5c9bb937ece702d7069b36ca78af4684677528"
  
  node@^8.10.0:
    version "8.10.0"
    resolved "https://registry.yarnpkg.com/node/-/node-8.10.0.tgz#0ec17a14acbd38ede97087eee9df4e40fa152b3f"
    dependencies:
      node-bin-setup "^1.0.0"

Trace: 
  Error: Invalid subcommand. Try "ls, list, dir, clean"
      at MessageError.Error (native)
      at new MessageError (/usr/local/lib/node_modules/yarn/lib/cli.js:186:110)
      at Object.<anonymous> (/usr/local/lib/node_modules/yarn/lib/cli.js:30362:59)
      at next (native)
      at step (/usr/local/lib/node_modules/yarn/lib/cli.js:98:30)
      at /usr/local/lib/node_modules/yarn/lib/cli.js:116:14
      at new Promise (/usr/local/lib/node_modules/yarn/lib/cli.js:100438:7)
      at Object.<anonymous> (/usr/local/lib/node_modules/yarn/lib/cli.js:95:12)
      at Object.run (/usr/local/lib/node_modules/yarn/lib/cli.js:30366:19)
      at run (/usr/local/lib/node_modules/yarn/lib/cli.js:89113:20)
